e:\_users\buram_000\desktop\game\newgame\bulletphysics\src\bulletdynamics\bulletdynamics.dir\release\btsimpledynamicsworld.obj
e:\_users\buram_000\desktop\game\newgame\bulletphysics\src\bulletdynamics\bulletdynamics.dir\release\btrigidbody.obj
e:\_users\buram_000\desktop\game\newgame\bulletphysics\src\bulletdynamics\bulletdynamics.dir\release\btdiscretedynamicsworld.obj
e:\_users\buram_000\desktop\game\newgame\bulletphysics\src\bulletdynamics\bulletdynamics.dir\release\btuniversalconstraint.obj
e:\_users\buram_000\desktop\game\newgame\bulletphysics\src\bulletdynamics\bulletdynamics.dir\release\bttypedconstraint.obj
e:\_users\buram_000\desktop\game\newgame\bulletphysics\src\bulletdynamics\bulletdynamics.dir\release\btsolve2linearconstraint.obj
e:\_users\buram_000\desktop\game\newgame\bulletphysics\src\bulletdynamics\bulletdynamics.dir\release\btsliderconstraint.obj
e:\_users\buram_000\desktop\game\newgame\bulletphysics\src\bulletdynamics\bulletdynamics.dir\release\btsequentialimpulseconstraintsolver.obj
e:\_users\buram_000\desktop\game\newgame\bulletphysics\src\bulletdynamics\bulletdynamics.dir\release\btpoint2pointconstraint.obj
e:\_users\buram_000\desktop\game\newgame\bulletphysics\src\bulletdynamics\bulletdynamics.dir\release\btnncgconstraintsolver.obj
e:\_users\buram_000\desktop\game\newgame\bulletphysics\src\bulletdynamics\bulletdynamics.dir\release\bthingeconstraint.obj
e:\_users\buram_000\desktop\game\newgame\bulletphysics\src\bulletdynamics\bulletdynamics.dir\release\bthinge2constraint.obj
e:\_users\buram_000\desktop\game\newgame\bulletphysics\src\bulletdynamics\bulletdynamics.dir\release\btgeneric6dofspringconstraint.obj
e:\_users\buram_000\desktop\game\newgame\bulletphysics\src\bulletdynamics\bulletdynamics.dir\release\btgeneric6dofspring2constraint.obj
e:\_users\buram_000\desktop\game\newgame\bulletphysics\src\bulletdynamics\bulletdynamics.dir\release\btgeneric6dofconstraint.obj
e:\_users\buram_000\desktop\game\newgame\bulletphysics\src\bulletdynamics\bulletdynamics.dir\release\btgearconstraint.obj
e:\_users\buram_000\desktop\game\newgame\bulletphysics\src\bulletdynamics\bulletdynamics.dir\release\btfixedconstraint.obj
e:\_users\buram_000\desktop\game\newgame\bulletphysics\src\bulletdynamics\bulletdynamics.dir\release\btcontactconstraint.obj
e:\_users\buram_000\desktop\game\newgame\bulletphysics\src\bulletdynamics\bulletdynamics.dir\release\btconetwistconstraint.obj
e:\_users\buram_000\desktop\game\newgame\bulletphysics\src\bulletdynamics\bulletdynamics.dir\release\btkinematiccharactercontroller.obj
e:\_users\buram_000\desktop\game\newgame\bulletphysics\src\bulletdynamics\bulletdynamics.dir\release\btwheelinfo.obj
e:\_users\buram_000\desktop\game\newgame\bulletphysics\src\bulletdynamics\bulletdynamics.dir\release\btraycastvehicle.obj
e:\_users\buram_000\desktop\game\newgame\bulletphysics\src\bulletdynamics\bulletdynamics.dir\release\btmlcpsolver.obj
e:\_users\buram_000\desktop\game\newgame\bulletphysics\src\bulletdynamics\bulletdynamics.dir\release\btlemkealgorithm.obj
e:\_users\buram_000\desktop\game\newgame\bulletphysics\src\bulletdynamics\bulletdynamics.dir\release\btdantziglcp.obj
e:\_users\buram_000\desktop\game\newgame\bulletphysics\src\bulletdynamics\bulletdynamics.dir\release\btmultibodypoint2point.obj
e:\_users\buram_000\desktop\game\newgame\bulletphysics\src\bulletdynamics\bulletdynamics.dir\release\btmultibodyjointmotor.obj
e:\_users\buram_000\desktop\game\newgame\bulletphysics\src\bulletdynamics\bulletdynamics.dir\release\btmultibodyjointlimitconstraint.obj
e:\_users\buram_000\desktop\game\newgame\bulletphysics\src\bulletdynamics\bulletdynamics.dir\release\btmultibodydynamicsworld.obj
e:\_users\buram_000\desktop\game\newgame\bulletphysics\src\bulletdynamics\bulletdynamics.dir\release\btmultibodyconstraintsolver.obj
e:\_users\buram_000\desktop\game\newgame\bulletphysics\src\bulletdynamics\bulletdynamics.dir\release\btmultibodyconstraint.obj
e:\_users\buram_000\desktop\game\newgame\bulletphysics\src\bulletdynamics\bulletdynamics.dir\release\btmultibody.obj
e:\_users\buram_000\desktop\game\newgame\bulletphysics\lib\release\bulletdynamics.lib
e:\_users\buram_000\desktop\game\newgame\\bulletphysics\lib\release\bulletdynamics.lib
e:\_users\buram_000\desktop\game\newgame\bulletphysics\src\bulletdynamics\bulletdynamics.dir\release\bulletdynamics.tlog\cl.command.1.tlog
e:\_users\buram_000\desktop\game\newgame\bulletphysics\src\bulletdynamics\bulletdynamics.dir\release\bulletdynamics.tlog\cl.read.1.tlog
e:\_users\buram_000\desktop\game\newgame\bulletphysics\src\bulletdynamics\bulletdynamics.dir\release\bulletdynamics.tlog\cl.write.1.tlog
e:\_users\buram_000\desktop\game\newgame\bulletphysics\src\bulletdynamics\bulletdynamics.dir\release\bulletdynamics.tlog\lib-link.read.1.tlog
e:\_users\buram_000\desktop\game\newgame\bulletphysics\src\bulletdynamics\bulletdynamics.dir\release\bulletdynamics.tlog\lib-link.write.1.tlog
e:\_users\buram_000\desktop\game\newgame\bulletphysics\src\bulletdynamics\bulletdynamics.dir\release\bulletdynamics.tlog\lib.command.1.tlog
