e:\_users\buram_000\desktop\game\newgame\bulletphysics\src\bulletcollision\bulletcollision.dir\debug\vc120.pdb
e:\_users\buram_000\desktop\game\newgame\bulletphysics\src\bulletcollision\bulletcollision.dir\debug\btcollisionobject.obj
e:\_users\buram_000\desktop\game\newgame\bulletphysics\src\bulletcollision\bulletcollision.dir\debug\btcollisiondispatcher.obj
e:\_users\buram_000\desktop\game\newgame\bulletphysics\src\bulletcollision\bulletcollision.dir\debug\btactivatingcollisionalgorithm.obj
e:\_users\buram_000\desktop\game\newgame\bulletphysics\src\bulletcollision\bulletcollision.dir\debug\btdispatcher.obj
e:\_users\buram_000\desktop\game\newgame\bulletphysics\src\bulletcollision\bulletcollision.dir\debug\btcollisionalgorithm.obj
e:\_users\buram_000\desktop\game\newgame\bulletphysics\src\bulletcollision\bulletcollision.dir\debug\btbroadphaseproxy.obj
e:\_users\buram_000\desktop\game\newgame\bulletphysics\src\bulletcollision\bulletcollision.dir\debug\btbvhtrianglemeshshape.obj
e:\_users\buram_000\desktop\game\newgame\bulletphysics\src\bulletcollision\bulletcollision.dir\debug\btunionfind.obj
e:\_users\buram_000\desktop\game\newgame\bulletphysics\src\bulletcollision\bulletcollision.dir\debug\btsimulationislandmanager.obj
e:\_users\buram_000\desktop\game\newgame\bulletphysics\src\bulletcollision\bulletcollision.dir\debug\btmanifoldresult.obj
e:\_users\buram_000\desktop\game\newgame\bulletphysics\src\bulletcollision\bulletcollision.dir\debug\bthashedsimplepaircache.obj
e:\_users\buram_000\desktop\game\newgame\bulletphysics\src\bulletcollision\bulletcollision.dir\debug\btemptycollisionalgorithm.obj
e:\_users\buram_000\desktop\game\newgame\bulletphysics\src\bulletcollision\bulletcollision.dir\debug\btdefaultcollisionconfiguration.obj
e:\_users\buram_000\desktop\game\newgame\bulletphysics\src\bulletcollision\bulletcollision.dir\debug\btconvexplanecollisionalgorithm.obj
e:\_users\buram_000\desktop\game\newgame\bulletphysics\src\bulletcollision\bulletcollision.dir\debug\btscaledbvhtrianglemeshshape.obj
e:\_users\buram_000\desktop\game\newgame\bulletphysics\src\bulletcollision\bulletcollision.dir\debug\btmultimaterialtrianglemeshshape.obj
e:\_users\buram_000\desktop\game\newgame\bulletphysics\src\bulletcollision\bulletcollision.dir\debug\btheightfieldterrainshape.obj
e:\_users\buram_000\desktop\game\newgame\bulletphysics\src\bulletcollision\bulletcollision.dir\debug\btemptyshape.obj
e:\_users\buram_000\desktop\game\newgame\bulletphysics\src\bulletcollision\bulletcollision.dir\debug\btconvexpolyhedron.obj
e:\_users\buram_000\desktop\game\newgame\bulletphysics\src\bulletcollision\bulletcollision.dir\debug\btconvex2dshape.obj
e:\_users\buram_000\desktop\game\newgame\bulletphysics\src\bulletcollision\bulletcollision.dir\debug\btconcaveshape.obj
e:\_users\buram_000\desktop\game\newgame\bulletphysics\src\bulletcollision\bulletcollision.dir\debug\btcollisionshape.obj
e:\_users\buram_000\desktop\game\newgame\bulletphysics\src\bulletcollision\bulletcollision.dir\debug\gim_box_set.obj
e:\_users\buram_000\desktop\game\newgame\bulletphysics\src\bulletcollision\bulletcollision.dir\debug\btgenericpoolallocator.obj
e:\_users\buram_000\desktop\game\newgame\bulletphysics\src\bulletcollision\bulletcollision.dir\debug\btuniformscalingshape.obj
e:\_users\buram_000\desktop\game\newgame\bulletphysics\src\bulletcollision\bulletcollision.dir\debug\bttrianglemesh.obj
e:\_users\buram_000\desktop\game\newgame\bulletphysics\src\bulletcollision\bulletcollision.dir\debug\bttriangleindexvertexmaterialarray.obj
e:\_users\buram_000\desktop\game\newgame\bulletphysics\src\bulletcollision\bulletcollision.dir\debug\bttriangleindexvertexarray.obj
e:\_users\buram_000\desktop\game\newgame\bulletphysics\src\bulletcollision\bulletcollision.dir\debug\bttrianglecallback.obj
e:\_users\buram_000\desktop\game\newgame\bulletphysics\src\bulletcollision\bulletcollision.dir\debug\bttrianglebuffer.obj
e:\_users\buram_000\desktop\game\newgame\bulletphysics\src\bulletcollision\bulletcollision.dir\debug\btstridingmeshinterface.obj
e:\_users\buram_000\desktop\game\newgame\bulletphysics\src\bulletcollision\bulletcollision.dir\debug\btstaticplaneshape.obj
e:\_users\buram_000\desktop\game\newgame\bulletphysics\src\bulletcollision\bulletcollision.dir\debug\btshapehull.obj
e:\_users\buram_000\desktop\game\newgame\bulletphysics\src\bulletcollision\bulletcollision.dir\debug\btvoronoisimplexsolver.obj
e:\_users\buram_000\desktop\game\newgame\bulletphysics\src\bulletcollision\bulletcollision.dir\debug\btpolyhedralcontactclipping.obj
e:\_users\buram_000\desktop\game\newgame\bulletphysics\src\bulletcollision\bulletcollision.dir\debug\btpersistentmanifold.obj
e:\_users\buram_000\desktop\game\newgame\bulletphysics\src\bulletcollision\bulletcollision.dir\debug\btminkowskipenetrationdepthsolver.obj
e:\_users\buram_000\desktop\game\newgame\bulletphysics\src\bulletcollision\bulletcollision.dir\debug\btgjkpairdetector.obj
e:\_users\buram_000\desktop\game\newgame\bulletphysics\src\bulletcollision\bulletcollision.dir\debug\btgjkepapenetrationdepthsolver.obj
e:\_users\buram_000\desktop\game\newgame\bulletphysics\src\bulletcollision\bulletcollision.dir\debug\btconvexcast.obj
e:\_users\buram_000\desktop\game\newgame\bulletphysics\src\bulletcollision\bulletcollision.dir\debug\gim_tri_collision.obj
e:\_users\buram_000\desktop\game\newgame\bulletphysics\src\bulletcollision\bulletcollision.dir\debug\gim_memory.obj
e:\_users\buram_000\desktop\game\newgame\bulletphysics\src\bulletcollision\bulletcollision.dir\debug\gim_contact.obj
e:\_users\buram_000\desktop\game\newgame\bulletphysics\src\bulletcollision\bulletcollision.dir\debug\btconvexconcavecollisionalgorithm.obj
e:\_users\buram_000\desktop\game\newgame\bulletphysics\src\bulletcollision\bulletcollision.dir\debug\btconvex2dconvex2dalgorithm.obj
e:\_users\buram_000\desktop\game\newgame\bulletphysics\src\bulletcollision\bulletcollision.dir\debug\btcompoundcompoundcollisionalgorithm.obj
e:\_users\buram_000\desktop\game\newgame\bulletphysics\src\bulletcollision\bulletcollision.dir\debug\btcompoundcollisionalgorithm.obj
e:\_users\buram_000\desktop\game\newgame\bulletphysics\src\bulletcollision\bulletcollision.dir\debug\btcollisionworldimporter.obj
e:\_users\buram_000\desktop\game\newgame\bulletphysics\src\bulletcollision\bulletcollision.dir\debug\btcollisionworld.obj
e:\_users\buram_000\desktop\game\newgame\bulletphysics\src\bulletcollision\bulletcollision.dir\debug\btboxboxdetector.obj
e:\_users\buram_000\desktop\game\newgame\bulletphysics\src\bulletcollision\bulletcollision.dir\debug\btboxboxcollisionalgorithm.obj
e:\_users\buram_000\desktop\game\newgame\bulletphysics\src\bulletcollision\bulletcollision.dir\debug\btbox2dbox2dcollisionalgorithm.obj
e:\_users\buram_000\desktop\game\newgame\bulletphysics\src\bulletcollision\bulletcollision.dir\debug\btsimplebroadphase.obj
e:\_users\buram_000\desktop\game\newgame\bulletphysics\src\bulletcollision\bulletcollision.dir\debug\btquantizedbvh.obj
e:\_users\buram_000\desktop\game\newgame\bulletphysics\src\bulletcollision\bulletcollision.dir\debug\btoverlappingpaircache.obj
e:\_users\buram_000\desktop\game\newgame\bulletphysics\src\bulletcollision\bulletcollision.dir\debug\btmultisapbroadphase.obj
e:\_users\buram_000\desktop\game\newgame\bulletphysics\src\bulletcollision\bulletcollision.dir\debug\btdbvtbroadphase.obj
e:\_users\buram_000\desktop\game\newgame\bulletphysics\src\bulletcollision\bulletcollision.dir\debug\btdbvt.obj
e:\_users\buram_000\desktop\game\newgame\bulletphysics\src\bulletcollision\bulletcollision.dir\debug\btaxissweep3.obj
e:\_users\buram_000\desktop\game\newgame\bulletphysics\src\bulletcollision\bulletcollision.dir\debug\btconeshape.obj
e:\_users\buram_000\desktop\game\newgame\bulletphysics\src\bulletcollision\bulletcollision.dir\debug\btcompoundshape.obj
e:\_users\buram_000\desktop\game\newgame\bulletphysics\src\bulletcollision\bulletcollision.dir\debug\btcapsuleshape.obj
e:\_users\buram_000\desktop\game\newgame\bulletphysics\src\bulletcollision\bulletcollision.dir\debug\btboxshape.obj
e:\_users\buram_000\desktop\game\newgame\bulletphysics\src\bulletcollision\bulletcollision.dir\debug\btbox2dshape.obj
e:\_users\buram_000\desktop\game\newgame\bulletphysics\src\bulletcollision\bulletcollision.dir\debug\spheretriangledetector.obj
e:\_users\buram_000\desktop\game\newgame\bulletphysics\src\bulletcollision\bulletcollision.dir\debug\btspheretrianglecollisionalgorithm.obj
e:\_users\buram_000\desktop\game\newgame\bulletphysics\src\bulletcollision\bulletcollision.dir\debug\btspherespherecollisionalgorithm.obj
e:\_users\buram_000\desktop\game\newgame\bulletphysics\src\bulletcollision\bulletcollision.dir\debug\btsphereboxcollisionalgorithm.obj
e:\_users\buram_000\desktop\game\newgame\bulletphysics\src\bulletcollision\bulletcollision.dir\debug\btinternaledgeutility.obj
e:\_users\buram_000\desktop\game\newgame\bulletphysics\src\bulletcollision\bulletcollision.dir\debug\btghostobject.obj
e:\_users\buram_000\desktop\game\newgame\bulletphysics\src\bulletcollision\bulletcollision.dir\debug\btconvexconvexalgorithm.obj
e:\_users\buram_000\desktop\game\newgame\bulletphysics\src\bulletcollision\bulletcollision.dir\debug\bttrianglemeshshape.obj
e:\_users\buram_000\desktop\game\newgame\bulletphysics\src\bulletcollision\bulletcollision.dir\debug\bttetrahedronshape.obj
e:\_users\buram_000\desktop\game\newgame\bulletphysics\src\bulletcollision\bulletcollision.dir\debug\btsphereshape.obj
e:\_users\buram_000\desktop\game\newgame\bulletphysics\src\bulletcollision\bulletcollision.dir\debug\btpolyhedralconvexshape.obj
e:\_users\buram_000\desktop\game\newgame\bulletphysics\src\bulletcollision\bulletcollision.dir\debug\btoptimizedbvh.obj
e:\_users\buram_000\desktop\game\newgame\bulletphysics\src\bulletcollision\bulletcollision.dir\debug\btmultisphereshape.obj
e:\_users\buram_000\desktop\game\newgame\bulletphysics\src\bulletcollision\bulletcollision.dir\debug\btminkowskisumshape.obj
e:\_users\buram_000\desktop\game\newgame\bulletphysics\src\bulletcollision\bulletcollision.dir\debug\btcylindershape.obj
e:\_users\buram_000\desktop\game\newgame\bulletphysics\src\bulletcollision\bulletcollision.dir\debug\btconvextrianglemeshshape.obj
e:\_users\buram_000\desktop\game\newgame\bulletphysics\src\bulletcollision\bulletcollision.dir\debug\btconvexshape.obj
e:\_users\buram_000\desktop\game\newgame\bulletphysics\src\bulletcollision\bulletcollision.dir\debug\btconvexpointcloudshape.obj
e:\_users\buram_000\desktop\game\newgame\bulletphysics\src\bulletcollision\bulletcollision.dir\debug\btconvexinternalshape.obj
e:\_users\buram_000\desktop\game\newgame\bulletphysics\src\bulletcollision\bulletcollision.dir\debug\btconvexhullshape.obj
e:\_users\buram_000\desktop\game\newgame\bulletphysics\src\bulletcollision\bulletcollision.dir\debug\btsubsimplexconvexcast.obj
e:\_users\buram_000\desktop\game\newgame\bulletphysics\src\bulletcollision\bulletcollision.dir\debug\btraycastcallback.obj
e:\_users\buram_000\desktop\game\newgame\bulletphysics\src\bulletcollision\bulletcollision.dir\debug\btgjkepa2.obj
e:\_users\buram_000\desktop\game\newgame\bulletphysics\src\bulletcollision\bulletcollision.dir\debug\btgjkconvexcast.obj
e:\_users\buram_000\desktop\game\newgame\bulletphysics\src\bulletcollision\bulletcollision.dir\debug\btcontinuousconvexcollision.obj
e:\_users\buram_000\desktop\game\newgame\bulletphysics\src\bulletcollision\bulletcollision.dir\debug\bttriangleshapeex.obj
e:\_users\buram_000\desktop\game\newgame\bulletphysics\src\bulletcollision\bulletcollision.dir\debug\btgimpactshape.obj
e:\_users\buram_000\desktop\game\newgame\bulletphysics\src\bulletcollision\bulletcollision.dir\debug\btgimpactquantizedbvh.obj
e:\_users\buram_000\desktop\game\newgame\bulletphysics\src\bulletcollision\bulletcollision.dir\debug\btgimpactcollisionalgorithm.obj
e:\_users\buram_000\desktop\game\newgame\bulletphysics\src\bulletcollision\bulletcollision.dir\debug\btgimpactbvh.obj
e:\_users\buram_000\desktop\game\newgame\bulletphysics\src\bulletcollision\bulletcollision.dir\debug\btcontactprocessing.obj
e:\_users\buram_000\desktop\game\newgame\bulletphysics\lib\debug\bulletcollision_debug.lib
e:\_users\buram_000\desktop\game\newgame\\bulletphysics\lib\debug\bulletcollision_debug.lib
e:\_users\buram_000\desktop\game\newgame\bulletphysics\src\bulletcollision\bulletcollision.dir\debug\bulletcollision.tlog\cl.command.1.tlog
e:\_users\buram_000\desktop\game\newgame\bulletphysics\src\bulletcollision\bulletcollision.dir\debug\bulletcollision.tlog\cl.read.1.tlog
e:\_users\buram_000\desktop\game\newgame\bulletphysics\src\bulletcollision\bulletcollision.dir\debug\bulletcollision.tlog\cl.write.1.tlog
e:\_users\buram_000\desktop\game\newgame\bulletphysics\src\bulletcollision\bulletcollision.dir\debug\bulletcollision.tlog\lib-link.read.1.tlog
e:\_users\buram_000\desktop\game\newgame\bulletphysics\src\bulletcollision\bulletcollision.dir\debug\bulletcollision.tlog\lib-link.write.1.tlog
e:\_users\buram_000\desktop\game\newgame\bulletphysics\src\bulletcollision\bulletcollision.dir\debug\bulletcollision.tlog\lib.command.1.tlog
