e:\_users\buram_000\desktop\game\newgame\bulletphysics\src\bulletcollision\bulletcollision.dir\release\btcompoundcompoundcollisionalgorithm.obj
e:\_users\buram_000\desktop\game\newgame\bulletphysics\src\bulletcollision\bulletcollision.dir\release\btcompoundcollisionalgorithm.obj
e:\_users\buram_000\desktop\game\newgame\bulletphysics\src\bulletcollision\bulletcollision.dir\release\btcollisionworldimporter.obj
e:\_users\buram_000\desktop\game\newgame\bulletphysics\src\bulletcollision\bulletcollision.dir\release\btcollisionworld.obj
e:\_users\buram_000\desktop\game\newgame\bulletphysics\src\bulletcollision\bulletcollision.dir\release\btcollisionobject.obj
e:\_users\buram_000\desktop\game\newgame\bulletphysics\src\bulletcollision\bulletcollision.dir\release\btcollisiondispatcher.obj
e:\_users\buram_000\desktop\game\newgame\bulletphysics\src\bulletcollision\bulletcollision.dir\release\btboxboxdetector.obj
e:\_users\buram_000\desktop\game\newgame\bulletphysics\src\bulletcollision\bulletcollision.dir\release\btboxboxcollisionalgorithm.obj
e:\_users\buram_000\desktop\game\newgame\bulletphysics\src\bulletcollision\bulletcollision.dir\release\btbox2dbox2dcollisionalgorithm.obj
e:\_users\buram_000\desktop\game\newgame\bulletphysics\src\bulletcollision\bulletcollision.dir\release\btactivatingcollisionalgorithm.obj
e:\_users\buram_000\desktop\game\newgame\bulletphysics\src\bulletcollision\bulletcollision.dir\release\btsimplebroadphase.obj
e:\_users\buram_000\desktop\game\newgame\bulletphysics\src\bulletcollision\bulletcollision.dir\release\btquantizedbvh.obj
e:\_users\buram_000\desktop\game\newgame\bulletphysics\src\bulletcollision\bulletcollision.dir\release\btoverlappingpaircache.obj
e:\_users\buram_000\desktop\game\newgame\bulletphysics\src\bulletcollision\bulletcollision.dir\release\btmultisapbroadphase.obj
e:\_users\buram_000\desktop\game\newgame\bulletphysics\src\bulletcollision\bulletcollision.dir\release\btdispatcher.obj
e:\_users\buram_000\desktop\game\newgame\bulletphysics\src\bulletcollision\bulletcollision.dir\release\btdbvtbroadphase.obj
e:\_users\buram_000\desktop\game\newgame\bulletphysics\src\bulletcollision\bulletcollision.dir\release\btdbvt.obj
e:\_users\buram_000\desktop\game\newgame\bulletphysics\src\bulletcollision\bulletcollision.dir\release\btcollisionalgorithm.obj
e:\_users\buram_000\desktop\game\newgame\bulletphysics\src\bulletcollision\bulletcollision.dir\release\btbroadphaseproxy.obj
e:\_users\buram_000\desktop\game\newgame\bulletphysics\src\bulletcollision\bulletcollision.dir\release\btaxissweep3.obj
e:\_users\buram_000\desktop\game\newgame\bulletphysics\src\bulletcollision\bulletcollision.dir\release\btcapsuleshape.obj
e:\_users\buram_000\desktop\game\newgame\bulletphysics\src\bulletcollision\bulletcollision.dir\release\btbvhtrianglemeshshape.obj
e:\_users\buram_000\desktop\game\newgame\bulletphysics\src\bulletcollision\bulletcollision.dir\release\btboxshape.obj
e:\_users\buram_000\desktop\game\newgame\bulletphysics\src\bulletcollision\bulletcollision.dir\release\btbox2dshape.obj
e:\_users\buram_000\desktop\game\newgame\bulletphysics\src\bulletcollision\bulletcollision.dir\release\spheretriangledetector.obj
e:\_users\buram_000\desktop\game\newgame\bulletphysics\src\bulletcollision\bulletcollision.dir\release\btunionfind.obj
e:\_users\buram_000\desktop\game\newgame\bulletphysics\src\bulletcollision\bulletcollision.dir\release\btspheretrianglecollisionalgorithm.obj
e:\_users\buram_000\desktop\game\newgame\bulletphysics\src\bulletcollision\bulletcollision.dir\release\btspherespherecollisionalgorithm.obj
e:\_users\buram_000\desktop\game\newgame\bulletphysics\src\bulletcollision\bulletcollision.dir\release\btsphereboxcollisionalgorithm.obj
e:\_users\buram_000\desktop\game\newgame\bulletphysics\src\bulletcollision\bulletcollision.dir\release\btsimulationislandmanager.obj
e:\_users\buram_000\desktop\game\newgame\bulletphysics\src\bulletcollision\bulletcollision.dir\release\btmanifoldresult.obj
e:\_users\buram_000\desktop\game\newgame\bulletphysics\src\bulletcollision\bulletcollision.dir\release\btinternaledgeutility.obj
e:\_users\buram_000\desktop\game\newgame\bulletphysics\src\bulletcollision\bulletcollision.dir\release\bthashedsimplepaircache.obj
e:\_users\buram_000\desktop\game\newgame\bulletphysics\src\bulletcollision\bulletcollision.dir\release\btghostobject.obj
e:\_users\buram_000\desktop\game\newgame\bulletphysics\src\bulletcollision\bulletcollision.dir\release\btemptycollisionalgorithm.obj
e:\_users\buram_000\desktop\game\newgame\bulletphysics\src\bulletcollision\bulletcollision.dir\release\btdefaultcollisionconfiguration.obj
e:\_users\buram_000\desktop\game\newgame\bulletphysics\src\bulletcollision\bulletcollision.dir\release\btconvexplanecollisionalgorithm.obj
e:\_users\buram_000\desktop\game\newgame\bulletphysics\src\bulletcollision\bulletcollision.dir\release\btconvexconvexalgorithm.obj
e:\_users\buram_000\desktop\game\newgame\bulletphysics\src\bulletcollision\bulletcollision.dir\release\btconvexconcavecollisionalgorithm.obj
e:\_users\buram_000\desktop\game\newgame\bulletphysics\src\bulletcollision\bulletcollision.dir\release\btconvex2dconvex2dalgorithm.obj
e:\_users\buram_000\desktop\game\newgame\bulletphysics\src\bulletcollision\bulletcollision.dir\release\btscaledbvhtrianglemeshshape.obj
e:\_users\buram_000\desktop\game\newgame\bulletphysics\src\bulletcollision\bulletcollision.dir\release\btpolyhedralconvexshape.obj
e:\_users\buram_000\desktop\game\newgame\bulletphysics\src\bulletcollision\bulletcollision.dir\release\btoptimizedbvh.obj
e:\_users\buram_000\desktop\game\newgame\bulletphysics\src\bulletcollision\bulletcollision.dir\release\btmultisphereshape.obj
e:\_users\buram_000\desktop\game\newgame\bulletphysics\src\bulletcollision\bulletcollision.dir\release\btmultimaterialtrianglemeshshape.obj
e:\_users\buram_000\desktop\game\newgame\bulletphysics\src\bulletcollision\bulletcollision.dir\release\btminkowskisumshape.obj
e:\_users\buram_000\desktop\game\newgame\bulletphysics\src\bulletcollision\bulletcollision.dir\release\btheightfieldterrainshape.obj
e:\_users\buram_000\desktop\game\newgame\bulletphysics\src\bulletcollision\bulletcollision.dir\release\btemptyshape.obj
e:\_users\buram_000\desktop\game\newgame\bulletphysics\src\bulletcollision\bulletcollision.dir\release\btcylindershape.obj
e:\_users\buram_000\desktop\game\newgame\bulletphysics\src\bulletcollision\bulletcollision.dir\release\btconvextrianglemeshshape.obj
e:\_users\buram_000\desktop\game\newgame\bulletphysics\src\bulletcollision\bulletcollision.dir\release\btconvexshape.obj
e:\_users\buram_000\desktop\game\newgame\bulletphysics\src\bulletcollision\bulletcollision.dir\release\btconvexpolyhedron.obj
e:\_users\buram_000\desktop\game\newgame\bulletphysics\src\bulletcollision\bulletcollision.dir\release\btconvexpointcloudshape.obj
e:\_users\buram_000\desktop\game\newgame\bulletphysics\src\bulletcollision\bulletcollision.dir\release\btconvexinternalshape.obj
e:\_users\buram_000\desktop\game\newgame\bulletphysics\src\bulletcollision\bulletcollision.dir\release\btconvexhullshape.obj
e:\_users\buram_000\desktop\game\newgame\bulletphysics\src\bulletcollision\bulletcollision.dir\release\btconvex2dshape.obj
e:\_users\buram_000\desktop\game\newgame\bulletphysics\src\bulletcollision\bulletcollision.dir\release\btconeshape.obj
e:\_users\buram_000\desktop\game\newgame\bulletphysics\src\bulletcollision\bulletcollision.dir\release\btconcaveshape.obj
e:\_users\buram_000\desktop\game\newgame\bulletphysics\src\bulletcollision\bulletcollision.dir\release\btcompoundshape.obj
e:\_users\buram_000\desktop\game\newgame\bulletphysics\src\bulletcollision\bulletcollision.dir\release\btcollisionshape.obj
e:\_users\buram_000\desktop\game\newgame\bulletphysics\src\bulletcollision\bulletcollision.dir\release\gim_box_set.obj
e:\_users\buram_000\desktop\game\newgame\bulletphysics\src\bulletcollision\bulletcollision.dir\release\bttriangleshapeex.obj
e:\_users\buram_000\desktop\game\newgame\bulletphysics\src\bulletcollision\bulletcollision.dir\release\btgimpactshape.obj
e:\_users\buram_000\desktop\game\newgame\bulletphysics\src\bulletcollision\bulletcollision.dir\release\btgimpactquantizedbvh.obj
e:\_users\buram_000\desktop\game\newgame\bulletphysics\src\bulletcollision\bulletcollision.dir\release\btgimpactcollisionalgorithm.obj
e:\_users\buram_000\desktop\game\newgame\bulletphysics\src\bulletcollision\bulletcollision.dir\release\btgimpactbvh.obj
e:\_users\buram_000\desktop\game\newgame\bulletphysics\src\bulletcollision\bulletcollision.dir\release\btgenericpoolallocator.obj
e:\_users\buram_000\desktop\game\newgame\bulletphysics\src\bulletcollision\bulletcollision.dir\release\btcontactprocessing.obj
e:\_users\buram_000\desktop\game\newgame\bulletphysics\src\bulletcollision\bulletcollision.dir\release\btuniformscalingshape.obj
e:\_users\buram_000\desktop\game\newgame\bulletphysics\src\bulletcollision\bulletcollision.dir\release\bttrianglemeshshape.obj
e:\_users\buram_000\desktop\game\newgame\bulletphysics\src\bulletcollision\bulletcollision.dir\release\bttrianglemesh.obj
e:\_users\buram_000\desktop\game\newgame\bulletphysics\src\bulletcollision\bulletcollision.dir\release\bttriangleindexvertexmaterialarray.obj
e:\_users\buram_000\desktop\game\newgame\bulletphysics\src\bulletcollision\bulletcollision.dir\release\bttriangleindexvertexarray.obj
e:\_users\buram_000\desktop\game\newgame\bulletphysics\src\bulletcollision\bulletcollision.dir\release\bttrianglecallback.obj
e:\_users\buram_000\desktop\game\newgame\bulletphysics\src\bulletcollision\bulletcollision.dir\release\bttrianglebuffer.obj
e:\_users\buram_000\desktop\game\newgame\bulletphysics\src\bulletcollision\bulletcollision.dir\release\bttetrahedronshape.obj
e:\_users\buram_000\desktop\game\newgame\bulletphysics\src\bulletcollision\bulletcollision.dir\release\btstridingmeshinterface.obj
e:\_users\buram_000\desktop\game\newgame\bulletphysics\src\bulletcollision\bulletcollision.dir\release\btstaticplaneshape.obj
e:\_users\buram_000\desktop\game\newgame\bulletphysics\src\bulletcollision\bulletcollision.dir\release\btsphereshape.obj
e:\_users\buram_000\desktop\game\newgame\bulletphysics\src\bulletcollision\bulletcollision.dir\release\btshapehull.obj
e:\_users\buram_000\desktop\game\newgame\bulletphysics\src\bulletcollision\bulletcollision.dir\release\btvoronoisimplexsolver.obj
e:\_users\buram_000\desktop\game\newgame\bulletphysics\src\bulletcollision\bulletcollision.dir\release\btsubsimplexconvexcast.obj
e:\_users\buram_000\desktop\game\newgame\bulletphysics\src\bulletcollision\bulletcollision.dir\release\btraycastcallback.obj
e:\_users\buram_000\desktop\game\newgame\bulletphysics\src\bulletcollision\bulletcollision.dir\release\btpolyhedralcontactclipping.obj
e:\_users\buram_000\desktop\game\newgame\bulletphysics\src\bulletcollision\bulletcollision.dir\release\btpersistentmanifold.obj
e:\_users\buram_000\desktop\game\newgame\bulletphysics\src\bulletcollision\bulletcollision.dir\release\btminkowskipenetrationdepthsolver.obj
e:\_users\buram_000\desktop\game\newgame\bulletphysics\src\bulletcollision\bulletcollision.dir\release\btgjkpairdetector.obj
e:\_users\buram_000\desktop\game\newgame\bulletphysics\src\bulletcollision\bulletcollision.dir\release\btgjkepapenetrationdepthsolver.obj
e:\_users\buram_000\desktop\game\newgame\bulletphysics\src\bulletcollision\bulletcollision.dir\release\btgjkepa2.obj
e:\_users\buram_000\desktop\game\newgame\bulletphysics\src\bulletcollision\bulletcollision.dir\release\btgjkconvexcast.obj
e:\_users\buram_000\desktop\game\newgame\bulletphysics\src\bulletcollision\bulletcollision.dir\release\btconvexcast.obj
e:\_users\buram_000\desktop\game\newgame\bulletphysics\src\bulletcollision\bulletcollision.dir\release\btcontinuousconvexcollision.obj
e:\_users\buram_000\desktop\game\newgame\bulletphysics\src\bulletcollision\bulletcollision.dir\release\gim_tri_collision.obj
e:\_users\buram_000\desktop\game\newgame\bulletphysics\src\bulletcollision\bulletcollision.dir\release\gim_memory.obj
e:\_users\buram_000\desktop\game\newgame\bulletphysics\src\bulletcollision\bulletcollision.dir\release\gim_contact.obj
e:\_users\buram_000\desktop\game\newgame\bulletphysics\lib\release\bulletcollision.lib
e:\_users\buram_000\desktop\game\newgame\\bulletphysics\lib\release\bulletcollision.lib
e:\_users\buram_000\desktop\game\newgame\bulletphysics\src\bulletcollision\bulletcollision.dir\release\bulletcollision.tlog\cl.command.1.tlog
e:\_users\buram_000\desktop\game\newgame\bulletphysics\src\bulletcollision\bulletcollision.dir\release\bulletcollision.tlog\cl.read.1.tlog
e:\_users\buram_000\desktop\game\newgame\bulletphysics\src\bulletcollision\bulletcollision.dir\release\bulletcollision.tlog\cl.write.1.tlog
e:\_users\buram_000\desktop\game\newgame\bulletphysics\src\bulletcollision\bulletcollision.dir\release\bulletcollision.tlog\lib-link.read.1.tlog
e:\_users\buram_000\desktop\game\newgame\bulletphysics\src\bulletcollision\bulletcollision.dir\release\bulletcollision.tlog\lib-link.write.1.tlog
e:\_users\buram_000\desktop\game\newgame\bulletphysics\src\bulletcollision\bulletcollision.dir\release\bulletcollision.tlog\lib.command.1.tlog
