e:\_users\buram_000\desktop\game\newgame\newgame\release\vc120.pdb
e:\_users\buram_000\desktop\game\newgame\newgame\release\particleemitter.obj
e:\_users\buram_000\desktop\game\newgame\newgame\release\particle.obj
e:\_users\buram_000\desktop\game\newgame\newgame\release\pad.obj
e:\_users\buram_000\desktop\game\newgame\newgame\release\model.obj
e:\_users\buram_000\desktop\game\newgame\newgame\release\meshcollider.obj
e:\_users\buram_000\desktop\game\newgame\newgame\release\mapchip.obj
e:\_users\buram_000\desktop\game\newgame\newgame\release\map.obj
e:\_users\buram_000\desktop\game\newgame\newgame\release\lightcamera.obj
e:\_users\buram_000\desktop\game\newgame\newgame\release\keyinput.obj
e:\_users\buram_000\desktop\game\newgame\newgame\release\input.obj
e:\_users\buram_000\desktop\game\newgame\newgame\release\indexbuffer.obj
e:\_users\buram_000\desktop\game\newgame\newgame\release\gameobject.obj
e:\_users\buram_000\desktop\game\newgame\newgame\release\gamemain.obj
e:\_users\buram_000\desktop\game\newgame\newgame\release\game.obj
e:\_users\buram_000\desktop\game\newgame\newgame\release\enemy.obj
e:\_users\buram_000\desktop\game\newgame\newgame\release\effectmanager.obj
e:\_users\buram_000\desktop\game\newgame\newgame\release\charactercontroller.obj
e:\_users\buram_000\desktop\game\newgame\newgame\release\capsulecollider.obj
e:\_users\buram_000\desktop\game\newgame\newgame\release\camera.obj
e:\_users\buram_000\desktop\game\newgame\newgame\release\animation.obj
e:\_users\buram_000\desktop\game\newgame\newgame\release\vertexbuffer.obj
e:\_users\buram_000\desktop\game\newgame\newgame\release\unity.obj
e:\_users\buram_000\desktop\game\newgame\newgame\release\tkengineprecompile.obj
e:\_users\buram_000\desktop\game\newgame\newgame\release\system.obj
e:\_users\buram_000\desktop\game\newgame\newgame\release\stdafx.obj
e:\_users\buram_000\desktop\game\newgame\newgame\release\stage.obj
e:\_users\buram_000\desktop\game\newgame\newgame\release\skinmodeldata.obj
e:\_users\buram_000\desktop\game\newgame\newgame\release\skinmodel.obj
e:\_users\buram_000\desktop\game\newgame\newgame\release\shadow.obj
e:\_users\buram_000\desktop\game\newgame\newgame\release\seat.obj
e:\_users\buram_000\desktop\game\newgame\newgame\release\rigidbody.obj
e:\_users\buram_000\desktop\game\newgame\newgame\release\rendertarget.obj
e:\_users\buram_000\desktop\game\newgame\newgame\release\primitive.obj
e:\_users\buram_000\desktop\game\newgame\newgame\release\pointer.obj
e:\_users\buram_000\desktop\game\newgame\newgame\release\playercamera.obj
e:\_users\buram_000\desktop\game\newgame\newgame\release\pikumin.obj
e:\_users\buram_000\desktop\game\newgame\newgame\release\physics.obj
e:\_users\buram_000\desktop\game\newgame\release\newgame.exe
e:\_users\buram_000\desktop\game\newgame\release\newgame.pdb
e:\_users\buram_000\desktop\game\newgame\newgame\release\newgame.tlog\cl.command.1.tlog
e:\_users\buram_000\desktop\game\newgame\newgame\release\newgame.tlog\cl.read.1.tlog
e:\_users\buram_000\desktop\game\newgame\newgame\release\newgame.tlog\cl.write.1.tlog
e:\_users\buram_000\desktop\game\newgame\newgame\release\newgame.tlog\link.command.1.tlog
e:\_users\buram_000\desktop\game\newgame\newgame\release\newgame.tlog\link.read.1.tlog
e:\_users\buram_000\desktop\game\newgame\newgame\release\newgame.tlog\link.write.1.tlog
