e:\_users\buram_000\desktop\game\newgame\newgame\debug\vc120.pdb
e:\_users\buram_000\desktop\game\newgame\newgame\debug\vc120.idb
e:\_users\buram_000\desktop\game\newgame\newgame\debug\tkengineprecompile.obj
e:\_users\buram_000\desktop\game\newgame\newgame\debug\indexbuffer.obj
e:\_users\buram_000\desktop\game\newgame\newgame\debug\keyinput.obj
e:\_users\buram_000\desktop\game\newgame\newgame\debug\enemy.obj
e:\_users\buram_000\desktop\game\newgame\newgame\debug\pikumin.obj
e:\_users\buram_000\desktop\game\newgame\newgame\debug\particle.obj
e:\_users\buram_000\desktop\game\newgame\newgame\debug\particleemitter.obj
e:\_users\buram_000\desktop\game\newgame\newgame\debug\physics.obj
e:\_users\buram_000\desktop\game\newgame\newgame\debug\playercamera.obj
e:\_users\buram_000\desktop\game\newgame\newgame\debug\primitive.obj
e:\_users\buram_000\desktop\game\newgame\newgame\debug\rendertarget.obj
e:\_users\buram_000\desktop\game\newgame\newgame\debug\rigidbody.obj
e:\_users\buram_000\desktop\game\newgame\newgame\debug\system.obj
e:\_users\buram_000\desktop\game\newgame\newgame\debug\vertexbuffer.obj
e:\_users\buram_000\desktop\game\newgame\newgame\debug\camera.obj
e:\_users\buram_000\desktop\game\newgame\newgame\debug\game.obj
e:\_users\buram_000\desktop\game\newgame\newgame\debug\lightcamera.obj
e:\_users\buram_000\desktop\game\newgame\newgame\debug\model.obj
e:\_users\buram_000\desktop\game\newgame\newgame\debug\pointer.obj
e:\_users\buram_000\desktop\game\newgame\newgame\debug\seat.obj
e:\_users\buram_000\desktop\game\newgame\newgame\debug\shadow.obj
e:\_users\buram_000\desktop\game\newgame\newgame\debug\stage.obj
e:\_users\buram_000\desktop\game\newgame\newgame\debug\stdafx.obj
e:\_users\buram_000\desktop\game\newgame\newgame\debug\unity.obj
e:\_users\buram_000\desktop\game\newgame\newgame\debug\capsulecollider.obj
e:\_users\buram_000\desktop\game\newgame\newgame\debug\charactercontroller.obj
e:\_users\buram_000\desktop\game\newgame\newgame\debug\gamemain.obj
e:\_users\buram_000\desktop\game\newgame\newgame\debug\gameobject.obj
e:\_users\buram_000\desktop\game\newgame\newgame\debug\input.obj
e:\_users\buram_000\desktop\game\newgame\newgame\debug\map.obj
e:\_users\buram_000\desktop\game\newgame\newgame\debug\mapchip.obj
e:\_users\buram_000\desktop\game\newgame\newgame\debug\meshcollider.obj
e:\_users\buram_000\desktop\game\newgame\newgame\debug\pad.obj
e:\_users\buram_000\desktop\game\newgame\debug\newgame.pdb
e:\_users\buram_000\desktop\game\newgame\newgame\debug\newgame.tlog\cl.command.1.tlog
e:\_users\buram_000\desktop\game\newgame\newgame\debug\newgame.tlog\cl.read.1.tlog
e:\_users\buram_000\desktop\game\newgame\newgame\debug\newgame.tlog\cl.write.1.tlog
e:\_users\buram_000\desktop\game\newgame\newgame\debug\newgame.tlog\link.command.1.tlog
e:\_users\buram_000\desktop\game\newgame\newgame\debug\newgame.tlog\link.read.1.tlog
e:\_users\buram_000\desktop\game\newgame\newgame\debug\newgame.tlog\link.write.1.tlog
