e:\_users\buram_000\desktop\game\newgame\bulletphysics\src\bulletdynamics\bulletdynamics.dir\debug\vc120.pdb
e:\_users\buram_000\desktop\game\newgame\bulletphysics\src\bulletdynamics\bulletdynamics.dir\debug\btsimpledynamicsworld.obj
e:\_users\buram_000\desktop\game\newgame\bulletphysics\src\bulletdynamics\bulletdynamics.dir\debug\btrigidbody.obj
e:\_users\buram_000\desktop\game\newgame\bulletphysics\src\bulletdynamics\bulletdynamics.dir\debug\btuniversalconstraint.obj
e:\_users\buram_000\desktop\game\newgame\bulletphysics\src\bulletdynamics\bulletdynamics.dir\debug\bttypedconstraint.obj
e:\_users\buram_000\desktop\game\newgame\bulletphysics\src\bulletdynamics\bulletdynamics.dir\debug\btsolve2linearconstraint.obj
e:\_users\buram_000\desktop\game\newgame\bulletphysics\src\bulletdynamics\bulletdynamics.dir\debug\btsliderconstraint.obj
e:\_users\buram_000\desktop\game\newgame\bulletphysics\src\bulletdynamics\bulletdynamics.dir\debug\btsequentialimpulseconstraintsolver.obj
e:\_users\buram_000\desktop\game\newgame\bulletphysics\src\bulletdynamics\bulletdynamics.dir\debug\btpoint2pointconstraint.obj
e:\_users\buram_000\desktop\game\newgame\bulletphysics\src\bulletdynamics\bulletdynamics.dir\debug\btnncgconstraintsolver.obj
e:\_users\buram_000\desktop\game\newgame\bulletphysics\src\bulletdynamics\bulletdynamics.dir\debug\bthingeconstraint.obj
e:\_users\buram_000\desktop\game\newgame\bulletphysics\src\bulletdynamics\bulletdynamics.dir\debug\bthinge2constraint.obj
e:\_users\buram_000\desktop\game\newgame\bulletphysics\src\bulletdynamics\bulletdynamics.dir\debug\btgeneric6dofspringconstraint.obj
e:\_users\buram_000\desktop\game\newgame\bulletphysics\src\bulletdynamics\bulletdynamics.dir\debug\btgeneric6dofspring2constraint.obj
e:\_users\buram_000\desktop\game\newgame\bulletphysics\src\bulletdynamics\bulletdynamics.dir\debug\btgeneric6dofconstraint.obj
e:\_users\buram_000\desktop\game\newgame\bulletphysics\src\bulletdynamics\bulletdynamics.dir\debug\btgearconstraint.obj
e:\_users\buram_000\desktop\game\newgame\bulletphysics\src\bulletdynamics\bulletdynamics.dir\debug\btfixedconstraint.obj
e:\_users\buram_000\desktop\game\newgame\bulletphysics\src\bulletdynamics\bulletdynamics.dir\debug\btcontactconstraint.obj
e:\_users\buram_000\desktop\game\newgame\bulletphysics\src\bulletdynamics\bulletdynamics.dir\debug\btconetwistconstraint.obj
e:\_users\buram_000\desktop\game\newgame\bulletphysics\src\bulletdynamics\bulletdynamics.dir\debug\btwheelinfo.obj
e:\_users\buram_000\desktop\game\newgame\bulletphysics\src\bulletdynamics\bulletdynamics.dir\debug\btraycastvehicle.obj
e:\_users\buram_000\desktop\game\newgame\bulletphysics\src\bulletdynamics\bulletdynamics.dir\debug\btmlcpsolver.obj
e:\_users\buram_000\desktop\game\newgame\bulletphysics\src\bulletdynamics\bulletdynamics.dir\debug\btlemkealgorithm.obj
e:\_users\buram_000\desktop\game\newgame\bulletphysics\src\bulletdynamics\bulletdynamics.dir\debug\btdantziglcp.obj
e:\_users\buram_000\desktop\game\newgame\bulletphysics\src\bulletdynamics\bulletdynamics.dir\debug\btmultibodypoint2point.obj
e:\_users\buram_000\desktop\game\newgame\bulletphysics\src\bulletdynamics\bulletdynamics.dir\debug\btmultibodyjointmotor.obj
e:\_users\buram_000\desktop\game\newgame\bulletphysics\src\bulletdynamics\bulletdynamics.dir\debug\btmultibodyjointlimitconstraint.obj
e:\_users\buram_000\desktop\game\newgame\bulletphysics\src\bulletdynamics\bulletdynamics.dir\debug\btmultibodydynamicsworld.obj
e:\_users\buram_000\desktop\game\newgame\bulletphysics\src\bulletdynamics\bulletdynamics.dir\debug\btmultibodyconstraintsolver.obj
e:\_users\buram_000\desktop\game\newgame\bulletphysics\src\bulletdynamics\bulletdynamics.dir\debug\btmultibodyconstraint.obj
e:\_users\buram_000\desktop\game\newgame\bulletphysics\src\bulletdynamics\bulletdynamics.dir\debug\btmultibody.obj
e:\_users\buram_000\desktop\game\newgame\bulletphysics\src\bulletdynamics\bulletdynamics.dir\debug\btdiscretedynamicsworld.obj
e:\_users\buram_000\desktop\game\newgame\bulletphysics\src\bulletdynamics\bulletdynamics.dir\debug\btkinematiccharactercontroller.obj
e:\_users\buram_000\desktop\game\newgame\bulletphysics\lib\debug\bulletdynamics_debug.lib
e:\_users\buram_000\desktop\game\newgame\\bulletphysics\lib\debug\bulletdynamics_debug.lib
e:\_users\buram_000\desktop\game\newgame\bulletphysics\src\bulletdynamics\bulletdynamics.dir\debug\bulletdynamics.tlog\cl.command.1.tlog
e:\_users\buram_000\desktop\game\newgame\bulletphysics\src\bulletdynamics\bulletdynamics.dir\debug\bulletdynamics.tlog\cl.read.1.tlog
e:\_users\buram_000\desktop\game\newgame\bulletphysics\src\bulletdynamics\bulletdynamics.dir\debug\bulletdynamics.tlog\cl.write.1.tlog
e:\_users\buram_000\desktop\game\newgame\bulletphysics\src\bulletdynamics\bulletdynamics.dir\debug\bulletdynamics.tlog\lib-link.read.1.tlog
e:\_users\buram_000\desktop\game\newgame\bulletphysics\src\bulletdynamics\bulletdynamics.dir\debug\bulletdynamics.tlog\lib-link.write.1.tlog
e:\_users\buram_000\desktop\game\newgame\bulletphysics\src\bulletdynamics\bulletdynamics.dir\debug\bulletdynamics.tlog\lib.command.1.tlog
